<?xml version="1.0" encoding="UTF-8"?>
<robot generator="Robot 6.0.2 (Python 3.9.12 on win32)" generated="20230405 03:24:37.484" rpa="false" schemaversion="3">
<suite id="s1" name="Testregis" source="E:\roboframe\testregis.robot">
<test id="s1-t1" name="Register User" line="14">
<kw name="Open Browser" library="SeleniumLibrary">
<arg>${URL}</arg>
<arg>${BROWSER}</arg>
<doc>Opens a new browser instance to the optional ``url``.</doc>
<msg timestamp="20230405 03:24:38.037" level="INFO">Opening browser 'Chrome' to base url 'http://localhost:8000/signup'.</msg>
<status status="PASS" starttime="20230405 03:24:38.036" endtime="20230405 03:24:42.689"/>
</kw>
<kw name="Input Text" library="SeleniumLibrary">
<arg>name=firstname</arg>
<arg>${fname}</arg>
<doc>Types the given ``text`` into the text field identified by ``locator``.</doc>
<msg timestamp="20230405 03:24:42.692" level="INFO">Typing text 'users' into text field 'name=firstname'.</msg>
<status status="PASS" starttime="20230405 03:24:42.691" endtime="20230405 03:24:42.894"/>
</kw>
<kw name="Input Text" library="SeleniumLibrary">
<arg>name=lastname</arg>
<arg>${lname}</arg>
<doc>Types the given ``text`` into the text field identified by ``locator``.</doc>
<msg timestamp="20230405 03:24:42.903" level="INFO">Typing text 'name' into text field 'name=lastname'.</msg>
<status status="PASS" starttime="20230405 03:24:42.901" endtime="20230405 03:24:43.151"/>
</kw>
<kw name="Input Text" library="SeleniumLibrary">
<arg>name=phone</arg>
<arg>${phone}</arg>
<doc>Types the given ``text`` into the text field identified by ``locator``.</doc>
<msg timestamp="20230405 03:24:43.153" level="INFO">Typing text '0123456789' into text field 'name=phone'.</msg>
<status status="PASS" starttime="20230405 03:24:43.152" endtime="20230405 03:24:43.378"/>
</kw>
<kw name="Input Text" library="SeleniumLibrary">
<arg>name=email</arg>
<arg>${email}</arg>
<doc>Types the given ``text`` into the text field identified by ``locator``.</doc>
<msg timestamp="20230405 03:24:43.385" level="INFO">Typing text 'example@mail.com' into text field 'name=email'.</msg>
<status status="PASS" starttime="20230405 03:24:43.384" endtime="20230405 03:24:43.690"/>
</kw>
<kw name="Input Text" library="SeleniumLibrary">
<arg>name=password</arg>
<arg>password123</arg>
<doc>Types the given ``text`` into the text field identified by ``locator``.</doc>
<msg timestamp="20230405 03:24:43.695" level="INFO">Typing text 'password123' into text field 'name=password'.</msg>
<status status="PASS" starttime="20230405 03:24:43.692" endtime="20230405 03:24:43.909"/>
</kw>
<kw name="Click Element" library="SeleniumLibrary">
<arg>name=Login</arg>
<doc>Click the element identified by ``locator``.</doc>
<msg timestamp="20230405 03:24:43.913" level="INFO">Clicking element 'name=Login'.</msg>
<status status="PASS" starttime="20230405 03:24:43.910" endtime="20230405 03:24:46.538"/>
</kw>
<kw name="Close Browser" library="SeleniumLibrary">
<doc>Closes the current browser.</doc>
<status status="PASS" starttime="20230405 03:24:46.539" endtime="20230405 03:24:49.011"/>
</kw>
<status status="PASS" starttime="20230405 03:24:38.034" endtime="20230405 03:24:49.012"/>
</test>
<test id="s1-t2" name="Register firstname failed" line="23">
<kw name="Open Browser" library="SeleniumLibrary">
<arg>${URL}</arg>
<arg>${BROWSER}</arg>
<doc>Opens a new browser instance to the optional ``url``.</doc>
<msg timestamp="20230405 03:24:49.018" level="INFO">Opening browser 'Chrome' to base url 'http://localhost:8000/signup'.</msg>
<status status="PASS" starttime="20230405 03:24:49.017" endtime="20230405 03:24:53.640"/>
</kw>
<kw name="Input Text" library="SeleniumLibrary">
<arg>name=lastname</arg>
<arg>${lname}</arg>
<doc>Types the given ``text`` into the text field identified by ``locator``.</doc>
<msg timestamp="20230405 03:24:53.664" level="INFO">Typing text 'name' into text field 'name=lastname'.</msg>
<status status="PASS" starttime="20230405 03:24:53.662" endtime="20230405 03:24:53.872"/>
</kw>
<kw name="Input Text" library="SeleniumLibrary">
<arg>name=phone</arg>
<arg>${phone}</arg>
<doc>Types the given ``text`` into the text field identified by ``locator``.</doc>
<msg timestamp="20230405 03:24:53.877" level="INFO">Typing text '0123456789' into text field 'name=phone'.</msg>
<status status="PASS" starttime="20230405 03:24:53.874" endtime="20230405 03:24:54.085"/>
</kw>
<kw name="Input Text" library="SeleniumLibrary">
<arg>name=email</arg>
<arg>${email}</arg>
<doc>Types the given ``text`` into the text field identified by ``locator``.</doc>
<msg timestamp="20230405 03:24:54.087" level="INFO">Typing text 'example@mail.com' into text field 'name=email'.</msg>
<status status="PASS" starttime="20230405 03:24:54.086" endtime="20230405 03:24:54.290"/>
</kw>
<kw name="Input Text" library="SeleniumLibrary">
<arg>name=password</arg>
<arg>12345678</arg>
<doc>Types the given ``text`` into the text field identified by ``locator``.</doc>
<msg timestamp="20230405 03:24:54.292" level="INFO">Typing text '12345678' into text field 'name=password'.</msg>
<status status="PASS" starttime="20230405 03:24:54.291" endtime="20230405 03:24:54.487"/>
</kw>
<kw name="Click Button" library="SeleniumLibrary">
<arg>name=Login</arg>
<doc>Clicks the button identified by ``locator``.</doc>
<msg timestamp="20230405 03:24:54.490" level="INFO">Clicking button 'name=Login'.</msg>
<status status="PASS" starttime="20230405 03:24:54.488" endtime="20230405 03:24:54.996"/>
</kw>
<kw name="Get Text" library="SeleniumLibrary">
<var>${error_message}</var>
<arg>css=.alert-danger</arg>
<doc>Returns the text value of the element identified by ``locator``.</doc>
<msg timestamp="20230405 03:24:55.049" level="INFO">${error_message} = Please Enter your First Name !!</msg>
<status status="PASS" starttime="20230405 03:24:54.997" endtime="20230405 03:24:55.049"/>
</kw>
<kw name="Should Be Equal" library="BuiltIn">
<arg>${error_message}</arg>
<arg>Please Enter your First Name !!</arg>
<doc>Fails if the given objects are unequal.</doc>
<status status="PASS" starttime="20230405 03:24:55.050" endtime="20230405 03:24:55.051"/>
</kw>
<kw name="Close Browser" library="SeleniumLibrary">
<doc>Closes the current browser.</doc>
<status status="PASS" starttime="20230405 03:24:55.051" endtime="20230405 03:24:57.702"/>
</kw>
<status status="PASS" starttime="20230405 03:24:49.016" endtime="20230405 03:24:57.703"/>
</test>
<test id="s1-t3" name="Register lastname failed" line="34">
<kw name="Open Browser" library="SeleniumLibrary">
<arg>${URL}</arg>
<arg>${BROWSER}</arg>
<doc>Opens a new browser instance to the optional ``url``.</doc>
<msg timestamp="20230405 03:24:57.712" level="INFO">Opening browser 'Chrome' to base url 'http://localhost:8000/signup'.</msg>
<status status="PASS" starttime="20230405 03:24:57.711" endtime="20230405 03:25:02.066"/>
</kw>
<kw name="Input Text" library="SeleniumLibrary">
<arg>name=firstname</arg>
<arg>${fname}</arg>
<doc>Types the given ``text`` into the text field identified by ``locator``.</doc>
<msg timestamp="20230405 03:25:02.068" level="INFO">Typing text 'users' into text field 'name=firstname'.</msg>
<status status="PASS" starttime="20230405 03:25:02.067" endtime="20230405 03:25:02.369"/>
</kw>
<kw name="Input Text" library="SeleniumLibrary">
<arg>name=phone</arg>
<arg>${phone}</arg>
<doc>Types the given ``text`` into the text field identified by ``locator``.</doc>
<msg timestamp="20230405 03:25:02.372" level="INFO">Typing text '0123456789' into text field 'name=phone'.</msg>
<status status="PASS" starttime="20230405 03:25:02.370" endtime="20230405 03:25:02.600"/>
</kw>
<kw name="Input Text" library="SeleniumLibrary">
<arg>name=email</arg>
<arg>${email}</arg>
<doc>Types the given ``text`` into the text field identified by ``locator``.</doc>
<msg timestamp="20230405 03:25:02.603" level="INFO">Typing text 'example@mail.com' into text field 'name=email'.</msg>
<status status="PASS" starttime="20230405 03:25:02.601" endtime="20230405 03:25:02.835"/>
</kw>
<kw name="Input Text" library="SeleniumLibrary">
<arg>name=password</arg>
<arg>12345678</arg>
<doc>Types the given ``text`` into the text field identified by ``locator``.</doc>
<msg timestamp="20230405 03:25:02.838" level="INFO">Typing text '12345678' into text field 'name=password'.</msg>
<status status="PASS" starttime="20230405 03:25:02.836" endtime="20230405 03:25:03.064"/>
</kw>
<kw name="Click Button" library="SeleniumLibrary">
<arg>name=Login</arg>
<doc>Clicks the button identified by ``locator``.</doc>
<msg timestamp="20230405 03:25:03.067" level="INFO">Clicking button 'name=Login'.</msg>
<status status="PASS" starttime="20230405 03:25:03.066" endtime="20230405 03:25:03.596"/>
</kw>
<kw name="Get Text" library="SeleniumLibrary">
<var>${error_message}</var>
<arg>css=.alert-danger</arg>
<doc>Returns the text value of the element identified by ``locator``.</doc>
<msg timestamp="20230405 03:25:03.682" level="INFO">${error_message} = Please Enter your Last Name</msg>
<status status="PASS" starttime="20230405 03:25:03.620" endtime="20230405 03:25:03.683"/>
</kw>
<kw name="Should Be Equal" library="BuiltIn">
<arg>${error_message}</arg>
<arg>Please Enter your Last Name</arg>
<doc>Fails if the given objects are unequal.</doc>
<status status="PASS" starttime="20230405 03:25:03.685" endtime="20230405 03:25:03.686"/>
</kw>
<kw name="Close Browser" library="SeleniumLibrary">
<doc>Closes the current browser.</doc>
<status status="PASS" starttime="20230405 03:25:03.688" endtime="20230405 03:25:07.202"/>
</kw>
<status status="PASS" starttime="20230405 03:24:57.709" endtime="20230405 03:25:07.204"/>
</test>
<test id="s1-t4" name="Register password worng failed" line="45">
<kw name="Open Browser" library="SeleniumLibrary">
<arg>${URL}</arg>
<arg>${BROWSER}</arg>
<doc>Opens a new browser instance to the optional ``url``.</doc>
<msg timestamp="20230405 03:25:07.222" level="INFO">Opening browser 'Chrome' to base url 'http://localhost:8000/signup'.</msg>
<status status="PASS" starttime="20230405 03:25:07.221" endtime="20230405 03:25:11.721"/>
</kw>
<kw name="Input Text" library="SeleniumLibrary">
<arg>name=firstname</arg>
<arg>${fname}</arg>
<doc>Types the given ``text`` into the text field identified by ``locator``.</doc>
<msg timestamp="20230405 03:25:11.733" level="INFO">Typing text 'users' into text field 'name=firstname'.</msg>
<status status="PASS" starttime="20230405 03:25:11.732" endtime="20230405 03:25:11.949"/>
</kw>
<kw name="Input Text" library="SeleniumLibrary">
<arg>name=lastname</arg>
<arg>${lname}</arg>
<doc>Types the given ``text`` into the text field identified by ``locator``.</doc>
<msg timestamp="20230405 03:25:11.957" level="INFO">Typing text 'name' into text field 'name=lastname'.</msg>
<status status="PASS" starttime="20230405 03:25:11.955" endtime="20230405 03:25:12.141"/>
</kw>
<kw name="Input Text" library="SeleniumLibrary">
<arg>name=phone</arg>
<arg>${phone}</arg>
<doc>Types the given ``text`` into the text field identified by ``locator``.</doc>
<msg timestamp="20230405 03:25:12.143" level="INFO">Typing text '0123456789' into text field 'name=phone'.</msg>
<status status="PASS" starttime="20230405 03:25:12.142" endtime="20230405 03:25:12.363"/>
</kw>
<kw name="Input Text" library="SeleniumLibrary">
<arg>name=email</arg>
<arg>${email}</arg>
<doc>Types the given ``text`` into the text field identified by ``locator``.</doc>
<msg timestamp="20230405 03:25:12.365" level="INFO">Typing text 'example@mail.com' into text field 'name=email'.</msg>
<status status="PASS" starttime="20230405 03:25:12.364" endtime="20230405 03:25:12.583"/>
</kw>
<kw name="Input Text" library="SeleniumLibrary">
<arg>name=password</arg>
<arg>123</arg>
<doc>Types the given ``text`` into the text field identified by ``locator``.</doc>
<msg timestamp="20230405 03:25:12.585" level="INFO">Typing text '123' into text field 'name=password'.</msg>
<status status="PASS" starttime="20230405 03:25:12.584" endtime="20230405 03:25:12.797"/>
</kw>
<kw name="Click Button" library="SeleniumLibrary">
<arg>name=Login</arg>
<doc>Clicks the button identified by ``locator``.</doc>
<msg timestamp="20230405 03:25:12.800" level="INFO">Clicking button 'name=Login'.</msg>
<status status="PASS" starttime="20230405 03:25:12.799" endtime="20230405 03:25:13.263"/>
</kw>
<kw name="Get Text" library="SeleniumLibrary">
<var>${error_message}</var>
<arg>css=.alert-danger</arg>
<doc>Returns the text value of the element identified by ``locator``.</doc>
<msg timestamp="20230405 03:25:13.337" level="INFO">${error_message} = Password must be 5 char long</msg>
<status status="PASS" starttime="20230405 03:25:13.265" endtime="20230405 03:25:13.337"/>
</kw>
<kw name="Should Be Equal" library="BuiltIn">
<arg>${error_message}</arg>
<arg>Password must be 5 char long</arg>
<doc>Fails if the given objects are unequal.</doc>
<status status="PASS" starttime="20230405 03:25:13.337" endtime="20230405 03:25:13.338"/>
</kw>
<kw name="Close Browser" library="SeleniumLibrary">
<doc>Closes the current browser.</doc>
<status status="PASS" starttime="20230405 03:25:13.339" endtime="20230405 03:25:15.666"/>
</kw>
<status status="PASS" starttime="20230405 03:25:07.214" endtime="20230405 03:25:15.669"/>
</test>
<test id="s1-t5" name="Register emailsame worng failed" line="57">
<kw name="Open Browser" library="SeleniumLibrary">
<arg>${URL}</arg>
<arg>${BROWSER}</arg>
<doc>Opens a new browser instance to the optional ``url``.</doc>
<msg timestamp="20230405 03:25:15.678" level="INFO">Opening browser 'Chrome' to base url 'http://localhost:8000/signup'.</msg>
<status status="PASS" starttime="20230405 03:25:15.677" endtime="20230405 03:25:20.084"/>
</kw>
<kw name="Input Text" library="SeleniumLibrary">
<arg>name=firstname</arg>
<arg>${fname}</arg>
<doc>Types the given ``text`` into the text field identified by ``locator``.</doc>
<msg timestamp="20230405 03:25:20.096" level="INFO">Typing text 'users' into text field 'name=firstname'.</msg>
<status status="PASS" starttime="20230405 03:25:20.095" endtime="20230405 03:25:20.322"/>
</kw>
<kw name="Input Text" library="SeleniumLibrary">
<arg>name=lastname</arg>
<arg>${lname}</arg>
<doc>Types the given ``text`` into the text field identified by ``locator``.</doc>
<msg timestamp="20230405 03:25:20.334" level="INFO">Typing text 'name' into text field 'name=lastname'.</msg>
<status status="PASS" starttime="20230405 03:25:20.333" endtime="20230405 03:25:20.533"/>
</kw>
<kw name="Input Text" library="SeleniumLibrary">
<arg>name=phone</arg>
<arg>${phone}</arg>
<doc>Types the given ``text`` into the text field identified by ``locator``.</doc>
<msg timestamp="20230405 03:25:20.538" level="INFO">Typing text '0123456789' into text field 'name=phone'.</msg>
<status status="PASS" starttime="20230405 03:25:20.535" endtime="20230405 03:25:20.815"/>
</kw>
<kw name="Input Text" library="SeleniumLibrary">
<arg>name=email</arg>
<arg>${email}</arg>
<doc>Types the given ``text`` into the text field identified by ``locator``.</doc>
<msg timestamp="20230405 03:25:20.818" level="INFO">Typing text 'example@mail.com' into text field 'name=email'.</msg>
<status status="PASS" starttime="20230405 03:25:20.816" endtime="20230405 03:25:21.033"/>
</kw>
<kw name="Input Text" library="SeleniumLibrary">
<arg>name=password</arg>
<arg>123555</arg>
<doc>Types the given ``text`` into the text field identified by ``locator``.</doc>
<msg timestamp="20230405 03:25:21.035" level="INFO">Typing text '123555' into text field 'name=password'.</msg>
<status status="PASS" starttime="20230405 03:25:21.034" endtime="20230405 03:25:21.215"/>
</kw>
<kw name="Click Button" library="SeleniumLibrary">
<arg>name=Login</arg>
<doc>Clicks the button identified by ``locator``.</doc>
<msg timestamp="20230405 03:25:21.218" level="INFO">Clicking button 'name=Login'.</msg>
<status status="PASS" starttime="20230405 03:25:21.217" endtime="20230405 03:25:21.652"/>
</kw>
<kw name="Get Text" library="SeleniumLibrary">
<var>${error_message}</var>
<arg>css=.alert-danger</arg>
<doc>Returns the text value of the element identified by ``locator``.</doc>
<msg timestamp="20230405 03:25:21.725" level="INFO">${error_message} = Email Address Already Registered..</msg>
<status status="PASS" starttime="20230405 03:25:21.656" endtime="20230405 03:25:21.725"/>
</kw>
<kw name="Should Be Equal" library="BuiltIn">
<arg>${error_message}</arg>
<arg>Email Address Already Registered..</arg>
<doc>Fails if the given objects are unequal.</doc>
<status status="PASS" starttime="20230405 03:25:21.726" endtime="20230405 03:25:21.728"/>
</kw>
<kw name="Close Browser" library="SeleniumLibrary">
<doc>Closes the current browser.</doc>
<status status="PASS" starttime="20230405 03:25:21.729" endtime="20230405 03:25:24.028"/>
</kw>
<status status="PASS" starttime="20230405 03:25:15.676" endtime="20230405 03:25:24.029"/>
</test>
<status status="PASS" starttime="20230405 03:24:37.487" endtime="20230405 03:25:24.031"/>
</suite>
<statistics>
<total>
<stat pass="5" fail="0" skip="0">All Tests</stat>
</total>
<tag>
</tag>
<suite>
<stat pass="5" fail="0" skip="0" id="s1" name="Testregis">Testregis</stat>
</suite>
</statistics>
<errors>
</errors>
</robot>
